==33663== Memcheck, a memory error detector
==33663== Copyright (C) 2002-2017, and GNU GPL'd, by Julian Seward et al.
==33663== Using Valgrind-3.18.1 and LibVEX; rerun with -h for copyright info
==33663== Command: ./webserv
==33663== Parent PID: 4241
==33663== 
==33663== 
==33663== FILE DESCRIPTORS: 6 open (3 std) at exit.
==33663== Open file descriptor 103: /usr/share/code/v8_context_snapshot.bin
==33663==    <inherited from parent>
==33663== 
==33663== Open file descriptor 43: /home/kvanden-/.config/Code/logs/20250610T110647/ptyhost.log
==33663==    <inherited from parent>
==33663== 
==33663== Open file descriptor 3: /home/kvanden-/Documents/comen core/level6/webserv/v0/valgrind.log
==33663==    <inherited from parent>
==33663== 
==33663== 
==33663== HEAP SUMMARY:
==33663==     in use at exit: 0 bytes in 0 blocks
==33663==   total heap usage: 434 allocs, 434 frees, 667,378 bytes allocated
==33663== 
==33663== All heap blocks were freed -- no leaks are possible
==33663== 
==33663== For lists of detected and suppressed errors, rerun with: -s
==33663== ERROR SUMMARY: 0 errors from 0 contexts (suppressed: 0 from 0)
